38:	Skipping room name `Coote House`, not a (known or) valid room name, check mapping file
38:	Skipping room name `Central Site`, not a (known or) valid room name, check mapping file
38:	Skipping room name `CS G12`, not a (known or) valid room name, check mapping file
38:	Skipping room name ` `, not a (known or) valid room name, check mapping file
37:	Skipping room name `CS Q01`, not a (known or) valid room name, check mapping file
37:	Skipping room name `CS P11`, not a (known or) valid room name, check mapping file
37:	Skipping room name `CS M11`, not a (known or) valid room name, check mapping file
37:	Skipping room name `CS H10`, not a (known or) valid room name, check mapping file
37:	Skipping room name `CS O02`, not a (known or) valid room name, check mapping file
38:	Skipping room name `CS H02`, not a (known or) valid room name, check mapping file
38:	Skipping room name `CS F13`, not a (known or) valid room name, check mapping file
38:	Skipping room name `CS G13`, not a (known or) valid room name, check mapping file
37:	Skipping room name `CS N07`, not a (known or) valid room name, check mapping file
37:	Skipping room name `CS S06`, not a (known or) valid room name, check mapping file
37:	Skipping room name `CS L01`, not a (known or) valid room name, check mapping file
37:	Skipping room name `CS M12`, not a (known or) valid room name, check mapping file
38:	Skipping room name `CS F05`, not a (known or) valid room name, check mapping file
38:	Skipping room name `CS G08`, not a (known or) valid room name, check mapping file
37:	Skipping room name `CS P09`, not a (known or) valid room name, check mapping file
37:	Skipping room name `CS N01`, not a (known or) valid room name, check mapping file
37:	Skipping room name `CS P01`, not a (known or) valid room name, check mapping file
37:	Skipping room name `CS M02`, not a (known or) valid room name, check mapping file
38:	Skipping room name `CS G15`, not a (known or) valid room name, check mapping file
37:	Skipping room name `CS Q09`, not a (known or) valid room name, check mapping file
37:	Skipping room name `CS Q08`, not a (known or) valid room name, check mapping file
38:	Skipping room name `CS G06`, not a (known or) valid room name, check mapping file
37:	Skipping room name `CS P02`, not a (known or) valid room name, check mapping file
38:	Skipping room name `CS G10`, not a (known or) valid room name, check mapping file
38:	Skipping room name `Bedsit`, not a (known or) valid room name, check mapping file
38:	Skipping room name `CS G04`, not a (known or) valid room name, check mapping file
37:	Skipping room name `CS N14`, not a (known or) valid room name, check mapping file
38:	Skipping room name `CS C08`, not a (known or) valid room name, check mapping file
37:	Skipping room name `CS L05`, not a (known or) valid room name, check mapping file
38:	Skipping room name `CS G16`, not a (known or) valid room name, check mapping file
37:	Skipping room name `CS N12`, not a (known or) valid room name, check mapping file
37:	Skipping room name `CS L08`, not a (known or) valid room name, check mapping file
112:	Skipping room name ``, not a (known or) valid room name, check mapping file
37:	Skipping room name `CS M13`, not a (known or) valid room name, check mapping file
37:	Skipping room name `CS N04`, not a (known or) valid room name, check mapping file
37:	Skipping room name `CS O10`, not a (known or) valid room name, check mapping file
37:	Skipping room name `CS N13`, not a (known or) valid room name, check mapping file
37:	Skipping room name `CS N11`, not a (known or) valid room name, check mapping file
37:	Skipping room name `CS P12`, not a (known or) valid room name, check mapping file
37:	Skipping room name `CS H06`, not a (known or) valid room name, check mapping file
37:	Skipping room name `CS Q05`, not a (known or) valid room name, check mapping file
38:	Skipping room name `CS F14`, not a (known or) valid room name, check mapping file
37:	Skipping room name `CS H12`, not a (known or) valid room name, check mapping file
38:	Skipping room name `CS F01`, not a (known or) valid room name, check mapping file
38:	Skipping room name `CS C07`, not a (known or) valid room name, check mapping file
37:	Skipping room name `CS M05`, not a (known or) valid room name, check mapping file
38:	Skipping room name `CS G01`, not a (known or) valid room name, check mapping file
37:	Skipping room name `CS M06`, not a (known or) valid room name, check mapping file
37:	Skipping room name `CS P06`, not a (known or) valid room name, check mapping file
37:	Skipping room name `CS M09`, not a (known or) valid room name, check mapping file
37:	Skipping room name `CS O07`, not a (known or) valid room name, check mapping file
38:	Skipping room name `Single Set`, not a (known or) valid room name, check mapping file
37:	Skipping room name `CS Q06`, not a (known or) valid room name, check mapping file
37:	Skipping room name `CS O04`, not a (known or) valid room name, check mapping file
38:	Skipping room name `Bedsit with Ensuite`, not a (known or) valid room name, check mapping file
37:	Skipping room name `CS N03`, not a (known or) valid room name, check mapping file
38:	Skipping room name `CS B07`, not a (known or) valid room name, check mapping file
38:	Skipping room name `CS B10`, not a (known or) valid room name, check mapping file
37:	Skipping room name `CS M04`, not a (known or) valid room name, check mapping file
38:	Skipping room name `CS G03`, not a (known or) valid room name, check mapping file
38:	Skipping room name `CS F03`, not a (known or) valid room name, check mapping file
37:	Skipping room name `CS O03`, not a (known or) valid room name, check mapping file
38:	Skipping room name `CS F04`, not a (known or) valid room name, check mapping file
37:	Skipping room name `CS O06`, not a (known or) valid room name, check mapping file
37:	Skipping room name `CS N10`, not a (known or) valid room name, check mapping file
37:	Skipping room name `CS P03`, not a (known or) valid room name, check mapping file
38:	Skipping room name `CS G11`, not a (known or) valid room name, check mapping file
38:	Skipping room name `CS F11`, not a (known or) valid room name, check mapping file
37:	Skipping room name `CS M08`, not a (known or) valid room name, check mapping file
37:	Skipping room name `CS O05`, not a (known or) valid room name, check mapping file
37:	Skipping room name `CS S08`, not a (known or) valid room name, check mapping file
37:	Skipping room name `CS Q12`, not a (known or) valid room name, check mapping file
38:	Skipping room name `CS F06`, not a (known or) valid room name, check mapping file
38:	Skipping room name `Boulton House`, not a (known or) valid room name, check mapping file
37:	Skipping room name `CS M01`, not a (known or) valid room name, check mapping file
37:	Skipping room name `CS N06`, not a (known or) valid room name, check mapping file
37:	Skipping room name `CS Q04`, not a (known or) valid room name, check mapping file
38:	Skipping room name `CS F10`, not a (known or) valid room name, check mapping file
38:	Skipping room name `CS G05`, not a (known or) valid room name, check mapping file
38:	Skipping room name `CS F08`, not a (known or) valid room name, check mapping file
37:	Skipping room name `CS P04`, not a (known or) valid room name, check mapping file
38:	Skipping room name `CS C09`, not a (known or) valid room name, check mapping file
37:	Skipping room name `CS S09B`, not a (known or) valid room name, check mapping file
38:	Skipping room name `CS C06`, not a (known or) valid room name, check mapping file
37:	Skipping room name `CS P14`, not a (known or) valid room name, check mapping file
37:	Skipping room name `CS Q02`, not a (known or) valid room name, check mapping file
37:	Skipping room name `CS N08`, not a (known or) valid room name, check mapping file
38:	Skipping room name `CS H04`, not a (known or) valid room name, check mapping file
37:	Skipping room name `CS P05`, not a (known or) valid room name, check mapping file
38:	Skipping room name `Wychfield New Build`, not a (known or) valid room name, check mapping file
38:	Skipping room name `CS F07`, not a (known or) valid room name, check mapping file
38:	Skipping room name `CS G09`, not a (known or) valid room name, check mapping file
38:	Skipping room name `CS F09`, not a (known or) valid room name, check mapping file
38:	Skipping room name `CS H05`, not a (known or) valid room name, check mapping file
38:	Skipping room name `Undergraduate Room Ballot Lent 2017 (for accommodation academic year 2017-2018)`, not a (known or) valid room name, check mapping file
38:	Skipping room name `Shared Set`, not a (known or) valid room name, check mapping file
37:	Skipping room name `CS M10`, not a (known or) valid room name, check mapping file
38:	Skipping room name `CS B05`, not a (known or) valid room name, check mapping file
38:	Skipping room name `CS B08`, not a (known or) valid room name, check mapping file
38:	Skipping room name `Bishop Bateman Court, Thompson's Lane`, not a (known or) valid room name, check mapping file
38:	Skipping room name `CS C05`, not a (known or) valid room name, check mapping file
37:	Skipping room name `CS P13`, not a (known or) valid room name, check mapping file
37:	Skipping room name `CS L07`, not a (known or) valid room name, check mapping file
38:	Skipping room name `WYNG Gardens`, not a (known or) valid room name, check mapping file
38:	Skipping room name `CS G02`, not a (known or) valid room name, check mapping file
37:	Skipping room name `CS M07`, not a (known or) valid room name, check mapping file
37:	Skipping room name `CS P07`, not a (known or) valid room name, check mapping file
38:	Skipping room name `CS B06`, not a (known or) valid room name, check mapping file
38:	Skipping room name `CS G07`, not a (known or) valid room name, check mapping file
37:	Skipping room name `CS P08`, not a (known or) valid room name, check mapping file
37:	Skipping room name `CS Q10`, not a (known or) valid room name, check mapping file
38:	Skipping room name `CS C04`, not a (known or) valid room name, check mapping file
37:	Skipping room name `CS S07`, not a (known or) valid room name, check mapping file
37:	Skipping room name `CS M03`, not a (known or) valid room name, check mapping file
38:	Skipping room name `CS G14`, not a (known or) valid room name, check mapping file
38:	Skipping room name `Site`, not a (known or) valid room name, check mapping file
37:	Skipping room name `CS N05`, not a (known or) valid room name, check mapping file
38:	Skipping room name `CS H01`, not a (known or) valid room name, check mapping file
37:	Skipping room name `CS L04`, not a (known or) valid room name, check mapping file
37:	Skipping room name `CS H09`, not a (known or) valid room name, check mapping file
38:	Skipping room name `CS H03`, not a (known or) valid room name, check mapping file
37:	Skipping room name `CS Q11`, not a (known or) valid room name, check mapping file
37:	Skipping room name `CS P10`, not a (known or) valid room name, check mapping file
37:	Skipping room name `CS L06`, not a (known or) valid room name, check mapping file
37:	Skipping room name `CS Q03`, not a (known or) valid room name, check mapping file
37:	Skipping room name `CS H11`, not a (known or) valid room name, check mapping file
37:	Skipping room name `CS N09`, not a (known or) valid room name, check mapping file
